# JRE version: OpenJDK Runtime Environment (11.0.8+10) (build 11.0.8+10-b944.6842174)
# Java VM: OpenJDK 64-Bit Server VM (11.0.8+10-b944.6842174, mixed mode, tiered, compressed oops, g1 gc, windows-amd64)
Heap:
 garbage-first heap   total 129024K, used 44133K [0x0000000080000000, 0x0000000100000000)
  region size 1024K, 8 young (8192K), 5 survivors (5120K)
 Metaspace       used 58017K, capacity 59409K, committed 59596K, reserved 1101824K
  class space    used 7388K, capacity 7886K, committed 7936K, reserved 1048576K
GC Heap History (18 events):
Event: 0.714 GC heap before
{Heap before GC invocations=0 (full 0):
 garbage-first heap   total 129024K, used 29696K [0x0000000080000000, 0x0000000100000000)
  region size 1024K, 24 young (24576K), 0 survivors (0K)
 Metaspace       used 10392K, capacity 10640K, committed 11008K, reserved 1058816K
  class space    used 1098K, capacity 1164K, committed 1280K, reserved 1048576K
}
Event: 0.719 GC heap after
{Heap after GC invocations=1 (full 0):
 garbage-first heap   total 129024K, used 8877K [0x0000000080000000, 0x0000000100000000)
  region size 1024K, 3 young (3072K), 3 survivors (3072K)
 Metaspace       used 10392K, capacity 10640K, committed 11008K, reserved 1058816K
  class space    used 1098K, capacity 1164K, committed 1280K, reserved 1048576K
}
Event: 2.231 GC heap before
{Heap before GC invocations=1 (full 0):
 garbage-first heap   total 129024K, used 81581K [0x0000000080000000, 0x0000000100000000)
  region size 1024K, 75 young (76800K), 3 survivors (3072K)
 Metaspace       used 18904K, capacity 19336K, committed 19456K, reserved 1067008K
  class space    used 2292K, capacity 2456K, committed 2560K, reserved 1048576K
}
Event: 2.236 GC heap after
{Heap after GC invocations=2 (full 0):
 garbage-first heap   total 129024K, used 15822K [0x0000000080000000, 0x0000000100000000)
  region size 1024K, 10 young (10240K), 10 survivors (10240K)
 Metaspace       used 18904K, capacity 19336K, committed 19456K, reserved 1067008K
  class space    used 2292K, capacity 2456K, committed 2560K, reserved 1048576K
}
Event: 2.395 GC heap before
{Heap before GC invocations=2 (full 0):
 garbage-first heap   total 129024K, used 28110K [0x0000000080000000, 0x0000000100000000)
  region size 1024K, 23 young (23552K), 10 survivors (10240K)
 Metaspace       used 20611K, capacity 21105K, committed 21248K, reserved 1067008K
  class space    used 2532K, capacity 2710K, committed 2816K, reserved 1048576K
}
Event: 2.401 GC heap after
{Heap after GC invocations=3 (full 0):
 garbage-first heap   total 129024K, used 16163K [0x0000000080000000, 0x0000000100000000)
  region size 1024K, 1 young (1024K), 1 survivors (1024K)
 Metaspace       used 20611K, capacity 21105K, committed 21248K, reserved 1067008K
  class space    used 2532K, capacity 2710K, committed 2816K, reserved 1048576K
}
Event: 3.020 GC heap before
{Heap before GC invocations=4 (full 0):
 garbage-first heap   total 129024K, used 64291K [0x0000000080000000, 0x0000000100000000)
  region size 1024K, 49 young (50176K), 1 survivors (1024K)
 Metaspace       used 26156K, capacity 26735K, committed 27008K, reserved 1073152K
  class space    used 3426K, capacity 3632K, committed 3712K, reserved 1048576K
}
Event: 3.024 GC heap after
{Heap after GC invocations=5 (full 0):
 garbage-first heap   total 129024K, used 17927K [0x0000000080000000, 0x0000000100000000)
  region size 1024K, 3 young (3072K), 3 survivors (3072K)
 Metaspace       used 26156K, capacity 26735K, committed 27008K, reserved 1073152K
  class space    used 3426K, capacity 3632K, committed 3712K, reserved 1048576K
}
Event: 4.925 GC heap before
{Heap before GC invocations=5 (full 0):
 garbage-first heap   total 129024K, used 66055K [0x0000000080000000, 0x0000000100000000)
  region size 1024K, 51 young (52224K), 3 survivors (3072K)
 Metaspace       used 35034K, capacity 35829K, committed 35840K, reserved 1081344K
  class space    used 4563K, capacity 4856K, committed 4864K, reserved 1048576K
}
Event: 4.932 GC heap after
{Heap after GC invocations=6 (full 0):
 garbage-first heap   total 129024K, used 21132K [0x0000000080000000, 0x0000000100000000)
  region size 1024K, 6 young (6144K), 6 survivors (6144K)
 Metaspace       used 35034K, capacity 35829K, committed 35840K, reserved 1081344K
  class space    used 4563K, capacity 4856K, committed 4864K, reserved 1048576K
}
Event: 7.251 GC heap before
{Heap before GC invocations=7 (full 0):
 garbage-first heap   total 129024K, used 81548K [0x0000000080000000, 0x0000000100000000)
  region size 1024K, 62 young (63488K), 6 survivors (6144K)
 Metaspace       used 40635K, capacity 41498K, committed 41548K, reserved 1085440K
  class space    used 5196K, capacity 5501K, committed 5504K, reserved 1048576K
}
Event: 7.259 GC heap after
{Heap after GC invocations=8 (full 0):
 garbage-first heap   total 129024K, used 24373K [0x0000000080000000, 0x0000000100000000)
  region size 1024K, 7 young (7168K), 7 survivors (7168K)
 Metaspace       used 40635K, capacity 41498K, committed 41548K, reserved 1085440K
  class space    used 5196K, capacity 5501K, committed 5504K, reserved 1048576K
}
Event: 10.214 GC heap before
{Heap before GC invocations=8 (full 0):
 garbage-first heap   total 129024K, used 81717K [0x0000000080000000, 0x0000000100000000)
  region size 1024K, 64 young (65536K), 7 survivors (7168K)
 Metaspace       used 44159K, capacity 45175K, committed 45516K, reserved 1089536K
  class space    used 5672K, capacity 6026K, committed 6144K, reserved 1048576K
}
Event: 10.219 GC heap after
{Heap after GC invocations=9 (full 0):
 garbage-first heap   total 129024K, used 27108K [0x0000000080000000, 0x0000000100000000)
  region size 1024K, 6 young (6144K), 6 survivors (6144K)
 Metaspace       used 44159K, capacity 45175K, committed 45516K, reserved 1089536K
  class space    used 5672K, capacity 6026K, committed 6144K, reserved 1048576K
}
Event: 33.068 GC heap before
{Heap before GC invocations=9 (full 0):
 garbage-first heap   total 129024K, used 89572K [0x0000000080000000, 0x0000000100000000)
  region size 1024K, 65 young (66560K), 6 survivors (6144K)
 Metaspace       used 50833K, capacity 52061K, committed 52172K, reserved 1095680K
  class space    used 6481K, capacity 6901K, committed 6912K, reserved 1048576K
}
Event: 33.075 GC heap after
{Heap after GC invocations=10 (full 0):
 garbage-first heap   total 129024K, used 37066K [0x0000000080000000, 0x0000000100000000)
  region size 1024K, 9 young (9216K), 9 survivors (9216K)
 Metaspace       used 50833K, capacity 52061K, committed 52172K, reserved 1095680K
  class space    used 6481K, capacity 6901K, committed 6912K, reserved 1048576K
}
Event: 65.629 GC heap before
{Heap before GC invocations=10 (full 0):
 garbage-first heap   total 129024K, used 91338K [0x0000000080000000, 0x0000000100000000)
  region size 1024K, 63 young (64512K), 9 survivors (9216K)
 Metaspace       used 57720K, capacity 59143K, committed 59340K, reserved 1101824K
  class space    used 7360K, capacity 7883K, committed 7936K, reserved 1048576K
}
Event: 65.637 GC heap after
{Heap after GC invocations=11 (full 0):
 garbage-first heap   total 129024K, used 42085K [0x0000000080000000, 0x0000000100000000)
  region size 1024K, 5 young (5120K), 5 survivors (5120K)
 Metaspace       used 57720K, capacity 59143K, committed 59340K, reserved 1101824K
  class space    used 7360K, capacity 7883K, committed 7936K, reserved 1048576K
}

