# JRE version: OpenJDK Runtime Environment (11.0.8+10) (build 11.0.8+10-b944.6842174)
# Java VM: OpenJDK 64-Bit Server VM (11.0.8+10-b944.6842174, mixed mode, tiered, compressed oops, g1 gc, windows-amd64)
Heap:
 garbage-first heap   total 129024K, used 100763K [0x0000000080000000, 0x0000000100000000)
  region size 1024K, 45 young (46080K), 7 survivors (7168K)
 Metaspace       used 76669K, capacity 78591K, committed 78720K, reserved 1118208K
  class space    used 9941K, capacity 10606K, committed 10624K, reserved 1048576K
GC Heap History (20 events):
Event: 28.883 GC heap before
{Heap before GC invocations=7 (full 0):
 garbage-first heap   total 129024K, used 81493K [0x0000000080000000, 0x0000000100000000)
  region size 1024K, 62 young (63488K), 6 survivors (6144K)
 Metaspace       used 40721K, capacity 41566K, committed 41600K, reserved 1085440K
  class space    used 5203K, capacity 5501K, committed 5504K, reserved 1048576K
}
Event: 28.927 GC heap after
{Heap after GC invocations=8 (full 0):
 garbage-first heap   total 129024K, used 24345K [0x0000000080000000, 0x0000000100000000)
  region size 1024K, 7 young (7168K), 7 survivors (7168K)
 Metaspace       used 40721K, capacity 41566K, committed 41600K, reserved 1085440K
  class space    used 5203K, capacity 5501K, committed 5504K, reserved 1048576K
}
Event: 35.974 GC heap before
{Heap before GC invocations=8 (full 0):
 garbage-first heap   total 129024K, used 83737K [0x0000000080000000, 0x0000000100000000)
  region size 1024K, 65 young (66560K), 7 survivors (7168K)
 Metaspace       used 44231K, capacity 45227K, committed 45568K, reserved 1089536K
  class space    used 5675K, capacity 6021K, committed 6144K, reserved 1048576K
}
Event: 35.995 GC heap after
{Heap after GC invocations=9 (full 0):
 garbage-first heap   total 129024K, used 26693K [0x0000000080000000, 0x0000000100000000)
  region size 1024K, 6 young (6144K), 6 survivors (6144K)
 Metaspace       used 44231K, capacity 45227K, committed 45568K, reserved 1089536K
  class space    used 5675K, capacity 6021K, committed 6144K, reserved 1048576K
}
Event: 55.156 GC heap before
{Heap before GC invocations=9 (full 0):
 garbage-first heap   total 129024K, used 90181K [0x0000000080000000, 0x0000000100000000)
  region size 1024K, 66 young (67584K), 6 survivors (6144K)
 Metaspace       used 50920K, capacity 52143K, committed 52352K, reserved 1095680K
  class space    used 6502K, capacity 6928K, committed 7040K, reserved 1048576K
}
Event: 55.177 GC heap after
{Heap after GC invocations=10 (full 0):
 garbage-first heap   total 129024K, used 37131K [0x0000000080000000, 0x0000000100000000)
  region size 1024K, 9 young (9216K), 9 survivors (9216K)
 Metaspace       used 50920K, capacity 52143K, committed 52352K, reserved 1095680K
  class space    used 6502K, capacity 6928K, committed 7040K, reserved 1048576K
}
Event: 68.517 GC heap before
{Heap before GC invocations=10 (full 0):
 garbage-first heap   total 129024K, used 91403K [0x0000000080000000, 0x0000000100000000)
  region size 1024K, 63 young (64512K), 9 survivors (9216K)
 Metaspace       used 57853K, capacity 59268K, committed 59392K, reserved 1101824K
  class space    used 7368K, capacity 7881K, committed 7936K, reserved 1048576K
}
Event: 68.541 GC heap after
{Heap after GC invocations=11 (full 0):
 garbage-first heap   total 129024K, used 42059K [0x0000000080000000, 0x0000000100000000)
  region size 1024K, 5 young (5120K), 5 survivors (5120K)
 Metaspace       used 57853K, capacity 59268K, committed 59392K, reserved 1101824K
  class space    used 7368K, capacity 7881K, committed 7936K, reserved 1048576K
}
Event: 69.333 GC heap before
{Heap before GC invocations=11 (full 0):
 garbage-first heap   total 129024K, used 47179K [0x0000000080000000, 0x0000000100000000)
  region size 1024K, 11 young (11264K), 5 survivors (5120K)
 Metaspace       used 58439K, capacity 59841K, committed 59904K, reserved 1101824K
  class space    used 7418K, capacity 7919K, committed 7936K, reserved 1048576K
}
Event: 69.351 GC heap after
{Heap after GC invocations=12 (full 0):
 garbage-first heap   total 129024K, used 42823K [0x0000000080000000, 0x0000000100000000)
  region size 1024K, 5 young (5120K), 5 survivors (5120K)
 Metaspace       used 58439K, capacity 59841K, committed 59904K, reserved 1101824K
  class space    used 7418K, capacity 7919K, committed 7936K, reserved 1048576K
}
Event: 78.316 GC heap before
{Heap before GC invocations=13 (full 0):
 garbage-first heap   total 129024K, used 97095K [0x0000000080000000, 0x0000000100000000)
  region size 1024K, 58 young (59392K), 5 survivors (5120K)
 Metaspace       used 62881K, capacity 64284K, committed 64512K, reserved 1105920K
  class space    used 8137K, capacity 8650K, committed 8704K, reserved 1048576K
}
Event: 78.342 GC heap after
{Heap after GC invocations=14 (full 0):
 garbage-first heap   total 129024K, used 46259K [0x0000000080000000, 0x0000000100000000)
  region size 1024K, 5 young (5120K), 5 survivors (5120K)
 Metaspace       used 62881K, capacity 64284K, committed 64512K, reserved 1105920K
  class space    used 8137K, capacity 8650K, committed 8704K, reserved 1048576K
}
Event: 89.184 GC heap before
{Heap before GC invocations=14 (full 0):
 garbage-first heap   total 129024K, used 99507K [0x0000000080000000, 0x0000000100000000)
  region size 1024K, 57 young (58368K), 5 survivors (5120K)
 Metaspace       used 69254K, capacity 70847K, committed 71168K, reserved 1110016K
  class space    used 9076K, capacity 9604K, committed 9728K, reserved 1048576K
}
Event: 89.214 GC heap after
{Heap after GC invocations=15 (full 0):
 garbage-first heap   total 129024K, used 49260K [0x0000000080000000, 0x0000000100000000)
  region size 1024K, 7 young (7168K), 7 survivors (7168K)
 Metaspace       used 69254K, capacity 70847K, committed 71168K, reserved 1110016K
  class space    used 9076K, capacity 9604K, committed 9728K, reserved 1048576K
}
Event: 99.034 GC heap before
{Heap before GC invocations=15 (full 0):
 garbage-first heap   total 129024K, used 100460K [0x0000000080000000, 0x0000000100000000)
  region size 1024K, 58 young (59392K), 7 survivors (7168K)
 Metaspace       used 74242K, capacity 76021K, committed 76160K, reserved 1116160K
  class space    used 9726K, capacity 10341K, committed 10368K, reserved 1048576K
}
Event: 99.070 GC heap after
{Heap after GC invocations=16 (full 0):
 garbage-first heap   total 129024K, used 53318K [0x0000000080000000, 0x0000000100000000)
  region size 1024K, 7 young (7168K), 7 survivors (7168K)
 Metaspace       used 74242K, capacity 76021K, committed 76160K, reserved 1116160K
  class space    used 9726K, capacity 10341K, committed 10368K, reserved 1048576K
}
Event: 103.850 GC heap before
{Heap before GC invocations=16 (full 0):
 garbage-first heap   total 129024K, used 101446K [0x0000000080000000, 0x0000000100000000)
  region size 1024K, 55 young (56320K), 7 survivors (7168K)
 Metaspace       used 75168K, capacity 76921K, committed 77056K, reserved 1116160K
  class space    used 9805K, capacity 10441K, committed 10496K, reserved 1048576K
}
Event: 103.880 GC heap after
{Heap after GC invocations=17 (full 0):
 garbage-first heap   total 129024K, used 56529K [0x0000000080000000, 0x0000000100000000)
  region size 1024K, 4 young (4096K), 4 survivors (4096K)
 Metaspace       used 75168K, capacity 76921K, committed 77056K, reserved 1116160K
  class space    used 9805K, capacity 10441K, committed 10496K, reserved 1048576K
}
Event: 115.109 GC heap before
{Heap before GC invocations=17 (full 0):
 garbage-first heap   total 129024K, used 103633K [0x0000000080000000, 0x0000000100000000)
  region size 1024K, 51 young (52224K), 4 survivors (4096K)
 Metaspace       used 76537K, capacity 78452K, committed 78720K, reserved 1118208K
  class space    used 9941K, capacity 10606K, committed 10624K, reserved 1048576K
}
Event: 115.141 GC heap after
{Heap after GC invocations=18 (full 0):
 garbage-first heap   total 129024K, used 60827K [0x0000000080000000, 0x0000000100000000)
  region size 1024K, 7 young (7168K), 7 survivors (7168K)
 Metaspace       used 76537K, capacity 78452K, committed 78720K, reserved 1118208K
  class space    used 9941K, capacity 10606K, committed 10624K, reserved 1048576K
}

