# JRE version: OpenJDK Runtime Environment (11.0.8+10) (build 11.0.8+10-b944.6842174)
# Java VM: OpenJDK 64-Bit Server VM (11.0.8+10-b944.6842174, mixed mode, tiered, compressed oops, g1 gc, windows-amd64)
Heap:
 garbage-first heap   total 129024K, used 91735K [0x0000000080000000, 0x0000000100000000)
  region size 1024K, 38 young (38912K), 4 survivors (4096K)
 Metaspace       used 76562K, capacity 78476K, committed 78592K, reserved 1118208K
  class space    used 9972K, capacity 10658K, committed 10752K, reserved 1048576K
GC Heap History (20 events):
Event: 5.462 GC heap before
{Heap before GC invocations=5 (full 0):
 garbage-first heap   total 129024K, used 64449K [0x0000000080000000, 0x0000000100000000)
  region size 1024K, 50 young (51200K), 3 survivors (3072K)
 Metaspace       used 35030K, capacity 35829K, committed 35840K, reserved 1081344K
  class space    used 4561K, capacity 4856K, committed 4864K, reserved 1048576K
}
Event: 5.468 GC heap after
{Heap after GC invocations=6 (full 0):
 garbage-first heap   total 129024K, used 21680K [0x0000000080000000, 0x0000000100000000)
  region size 1024K, 6 young (6144K), 6 survivors (6144K)
 Metaspace       used 35030K, capacity 35829K, committed 35840K, reserved 1081344K
  class space    used 4561K, capacity 4856K, committed 4864K, reserved 1048576K
}
Event: 6.525 GC heap before
{Heap before GC invocations=7 (full 0):
 garbage-first heap   total 129024K, used 83120K [0x0000000080000000, 0x0000000100000000)
  region size 1024K, 63 young (64512K), 6 survivors (6144K)
 Metaspace       used 40781K, capacity 41730K, committed 41984K, reserved 1085440K
  class space    used 5219K, capacity 5536K, committed 5632K, reserved 1048576K
}
Event: 6.533 GC heap after
{Heap after GC invocations=8 (full 0):
 garbage-first heap   total 129024K, used 25111K [0x0000000080000000, 0x0000000100000000)
  region size 1024K, 7 young (7168K), 7 survivors (7168K)
 Metaspace       used 40781K, capacity 41730K, committed 41984K, reserved 1085440K
  class space    used 5219K, capacity 5536K, committed 5632K, reserved 1048576K
}
Event: 10.688 GC heap before
{Heap before GC invocations=8 (full 0):
 garbage-first heap   total 129024K, used 84503K [0x0000000080000000, 0x0000000100000000)
  region size 1024K, 65 young (66560K), 7 survivors (7168K)
 Metaspace       used 44223K, capacity 45244K, committed 45568K, reserved 1089536K
  class space    used 5676K, capacity 6028K, committed 6144K, reserved 1048576K
}
Event: 10.694 GC heap after
{Heap after GC invocations=9 (full 0):
 garbage-first heap   total 129024K, used 27436K [0x0000000080000000, 0x0000000100000000)
  region size 1024K, 6 young (6144K), 6 survivors (6144K)
 Metaspace       used 44223K, capacity 45244K, committed 45568K, reserved 1089536K
  class space    used 5676K, capacity 6028K, committed 6144K, reserved 1048576K
}
Event: 29.920 GC heap before
{Heap before GC invocations=9 (full 0):
 garbage-first heap   total 129024K, used 89900K [0x0000000080000000, 0x0000000100000000)
  region size 1024K, 65 young (66560K), 6 survivors (6144K)
 Metaspace       used 51154K, capacity 52312K, committed 52608K, reserved 1095680K
  class space    used 6530K, capacity 6966K, committed 7040K, reserved 1048576K
}
Event: 29.929 GC heap after
{Heap after GC invocations=10 (full 0):
 garbage-first heap   total 129024K, used 37681K [0x0000000080000000, 0x0000000100000000)
  region size 1024K, 9 young (9216K), 9 survivors (9216K)
 Metaspace       used 51154K, capacity 52312K, committed 52608K, reserved 1095680K
  class space    used 6530K, capacity 6966K, committed 7040K, reserved 1048576K
}
Event: 54.775 GC heap before
{Heap before GC invocations=10 (full 0):
 garbage-first heap   total 129024K, used 92977K [0x0000000080000000, 0x0000000100000000)
  region size 1024K, 64 young (65536K), 9 survivors (9216K)
 Metaspace       used 58125K, capacity 59571K, committed 59648K, reserved 1101824K
  class space    used 7397K, capacity 7919K, committed 7936K, reserved 1048576K
}
Event: 54.782 GC heap after
{Heap after GC invocations=11 (full 0):
 garbage-first heap   total 129024K, used 43015K [0x0000000080000000, 0x0000000100000000)
  region size 1024K, 5 young (5120K), 5 survivors (5120K)
 Metaspace       used 58125K, capacity 59571K, committed 59648K, reserved 1101824K
  class space    used 7397K, capacity 7919K, committed 7936K, reserved 1048576K
}
Event: 56.561 GC heap before
{Heap before GC invocations=11 (full 0):
 garbage-first heap   total 129024K, used 47111K [0x0000000080000000, 0x0000000100000000)
  region size 1024K, 10 young (10240K), 5 survivors (5120K)
 Metaspace       used 58484K, capacity 59856K, committed 59904K, reserved 1101824K
  class space    used 7428K, capacity 7925K, committed 7936K, reserved 1048576K
}
Event: 56.568 GC heap after
{Heap after GC invocations=12 (full 0):
 garbage-first heap   total 129024K, used 44274K [0x0000000080000000, 0x0000000100000000)
  region size 1024K, 6 young (6144K), 6 survivors (6144K)
 Metaspace       used 58484K, capacity 59856K, committed 59904K, reserved 1101824K
  class space    used 7428K, capacity 7925K, committed 7936K, reserved 1048576K
}
Event: 89.000 GC heap before
{Heap before GC invocations=13 (full 0):
 garbage-first heap   total 129024K, used 97522K [0x0000000080000000, 0x0000000100000000)
  region size 1024K, 58 young (59392K), 6 survivors (6144K)
 Metaspace       used 62624K, capacity 64031K, committed 64256K, reserved 1105920K
  class space    used 8080K, capacity 8588K, committed 8704K, reserved 1048576K
}
Event: 89.007 GC heap after
{Heap after GC invocations=14 (full 0):
 garbage-first heap   total 129024K, used 47039K [0x0000000080000000, 0x0000000100000000)
  region size 1024K, 5 young (5120K), 5 survivors (5120K)
 Metaspace       used 62624K, capacity 64031K, committed 64256K, reserved 1105920K
  class space    used 8080K, capacity 8588K, committed 8704K, reserved 1048576K
}
Event: 112.065 GC heap before
{Heap before GC invocations=14 (full 0):
 garbage-first heap   total 129024K, used 99263K [0x0000000080000000, 0x0000000100000000)
  region size 1024K, 56 young (57344K), 5 survivors (5120K)
 Metaspace       used 67901K, capacity 69455K, committed 69632K, reserved 1110016K
  class space    used 8910K, capacity 9463K, committed 9472K, reserved 1048576K
}
Event: 112.071 GC heap after
{Heap after GC invocations=15 (full 0):
 garbage-first heap   total 129024K, used 50342K [0x0000000080000000, 0x0000000100000000)
  region size 1024K, 4 young (4096K), 4 survivors (4096K)
 Metaspace       used 67901K, capacity 69455K, committed 69632K, reserved 1110016K
  class space    used 8910K, capacity 9463K, committed 9472K, reserved 1048576K
}
Event: 127.913 GC heap before
{Heap before GC invocations=15 (full 0):
 garbage-first heap   total 129024K, used 101542K [0x0000000080000000, 0x0000000100000000)
  region size 1024K, 54 young (55296K), 4 survivors (4096K)
 Metaspace       used 74233K, capacity 76055K, committed 76160K, reserved 1116160K
  class space    used 9732K, capacity 10350K, committed 10368K, reserved 1048576K
}
Event: 127.920 GC heap after
{Heap after GC invocations=16 (full 0):
 garbage-first heap   total 129024K, used 53761K [0x0000000080000000, 0x0000000100000000)
  region size 1024K, 7 young (7168K), 7 survivors (7168K)
 Metaspace       used 74233K, capacity 76055K, committed 76160K, reserved 1116160K
  class space    used 9732K, capacity 10350K, committed 10368K, reserved 1048576K
}
Event: 145.278 GC heap before
{Heap before GC invocations=16 (full 0):
 garbage-first heap   total 129024K, used 101889K [0x0000000080000000, 0x0000000100000000)
  region size 1024K, 55 young (56320K), 7 survivors (7168K)
 Metaspace       used 75169K, capacity 76993K, committed 77056K, reserved 1116160K
  class space    used 9815K, capacity 10463K, committed 10496K, reserved 1048576K
}
Event: 145.291 GC heap after
{Heap after GC invocations=17 (full 0):
 garbage-first heap   total 129024K, used 56919K [0x0000000080000000, 0x0000000100000000)
  region size 1024K, 4 young (4096K), 4 survivors (4096K)
 Metaspace       used 75169K, capacity 76993K, committed 77056K, reserved 1116160K
  class space    used 9815K, capacity 10463K, committed 10496K, reserved 1048576K
}

